23:50:50.524 [main] INFO  ninja.utils.NinjaModeHelper - Ninja is running in mode dev
23:50:50.636 [NinjaJetty] INFO  org.eclipse.jetty.util.log - Logging initialized @538ms to org.eclipse.jetty.util.log.Slf4jLog
23:50:50.671 [NinjaJetty] WARN  o.e.j.server.handler.ContextHandler - Empty contextPath
23:50:50.726 [NinjaJetty] INFO  ninja.standalone.NinjaJetty - Trying to start jetty v9.4.35.v20201120 on <all>:8083
23:50:50.728 [NinjaJetty] INFO  org.eclipse.jetty.server.Server - jetty-9.4.35.v20201120; built: 2020-11-20T21:17:03.964Z; git: bdc54f03a5e0a7e280fab27f55c3c75ee8da89fb; jvm 11.0.10+9
23:50:50.765 [NinjaJetty] INFO  ninja.servlet.NinjaServletListener - Using JSR-356 websocket container ServerContainer@3899782c{STARTED}
23:50:50.774 [NinjaJetty] INFO  ninja.Bootstrap - Successfully configured Logback.
23:50:50.776 [NinjaJetty] INFO  ninja.Bootstrap - Enabling Ninja classic configuration
23:50:51.151 [NinjaJetty] INFO  ninja.utils.SwissKnife - Could not load file conf/messages_en.properties (not a bad thing necessarily, but I am returing null)
23:50:51.152 [NinjaJetty] INFO  ninja.i18n.MessagesImpl - Did not find conf/messages_en.properties but it was specified in application.conf. Using default language instead.
23:50:51.183 [NinjaJetty] INFO  n.template.TemplateEngineManagerImpl - -------------------------------------------------------------------
23:50:51.185 [NinjaJetty] INFO  n.template.TemplateEngineManagerImpl - Registered response template engines
23:50:51.186 [NinjaJetty] INFO  n.template.TemplateEngineManagerImpl - -------------------------------------------------------------------
23:50:51.187 [NinjaJetty] INFO  n.template.TemplateEngineManagerImpl - application/javascript  =>  ninja.template.TemplateEngineJsonP
23:50:51.188 [NinjaJetty] INFO  n.template.TemplateEngineManagerImpl - application/json        =>  ninja.template.TemplateEngineJson
23:50:51.188 [NinjaJetty] INFO  n.template.TemplateEngineManagerImpl - application/xml         =>  ninja.template.TemplateEngineXml
23:50:51.189 [NinjaJetty] INFO  n.template.TemplateEngineManagerImpl - text/html               =>  ninja.template.TemplateEngineFreemarker
23:50:51.192 [NinjaJetty] INFO  n.template.TemplateEngineManagerImpl - text/plain              =>  ninja.template.TemplateEngineText
23:50:51.201 [NinjaJetty] INFO  n.b.BodyParserEngineManagerImpl - -------------------------------------------------------------------------------------
23:50:51.202 [NinjaJetty] INFO  n.b.BodyParserEngineManagerImpl - Registered request bodyparser engines
23:50:51.203 [NinjaJetty] INFO  n.b.BodyParserEngineManagerImpl - -------------------------------------------------------------------------------------
23:50:51.205 [NinjaJetty] INFO  n.b.BodyParserEngineManagerImpl - application/json                   =>  ninja.bodyparser.BodyParserEngineJson
23:50:51.206 [NinjaJetty] INFO  n.b.BodyParserEngineManagerImpl - application/x-www-form-urlencoded  =>  ninja.bodyparser.BodyParserEnginePost
23:50:51.207 [NinjaJetty] INFO  n.b.BodyParserEngineManagerImpl - application/xml                    =>  ninja.bodyparser.BodyParserEngineXml
23:50:51.208 [NinjaJetty] INFO  n.b.BodyParserEngineManagerImpl - multipart/form-data                =>  ninja.bodyparser.BodyParserEngineMultipartPost
23:50:51.209 [NinjaJetty] INFO  ninja.Bootstrap - Ninja injector started in 431 ms.
23:50:51.223 [NinjaJetty] WARN  ninja.params.ControllerMethodInvoker - Using deprecated non-strict mode for injection of parameters into controller (ninja.strict_argument_extractors = false). This mode will soon be removed from Ninja. Make sure you upgrade your application as soon as possible. More: https://www.ninjaframework.org/documentation/basic_concepts/controllers.html 'A note about null and Optional'.
23:50:51.230 [NinjaJetty] INFO  ninja.RouterImpl - ---------------------------------------------------------------------
23:50:51.231 [NinjaJetty] INFO  ninja.RouterImpl - Registered routes
23:50:51.232 [NinjaJetty] INFO  ninja.RouterImpl - ---------------------------------------------------------------------
23:50:51.233 [NinjaJetty] INFO  ninja.RouterImpl - GET  /queryBySubject/{topic}       =>  controllers.ApplicationController::queryBySubject
23:50:51.233 [NinjaJetty] INFO  ninja.RouterImpl - GET  /queryByItem/{id}             =>  controllers.ApplicationController::queryByItem
23:50:51.234 [NinjaJetty] INFO  ninja.RouterImpl - POST /updateInventory/{id}/{type}  =>  controllers.ApplicationController::update
23:50:51.235 [NinjaJetty] INFO  ninja.RouterImpl - POST /updateCost/{id}/{cost}       =>  controllers.ApplicationController::updateCost
23:50:51.236 [NinjaJetty] INFO  ninja.RouterImpl - POST /syncDb/{id}/{key}            =>  controllers.ApplicationController::syncDB
23:50:51.237 [NinjaJetty] INFO  ninja.RouterImpl - GET  /resyncDB                     =>  controllers.ApplicationController::resyncDB
23:50:51.239 [NinjaJetty] INFO  ninja.NinjaDefault - 
 _______  .___ _______        ____.  _____   
 \      \ |   |\      \      |    | /  _  \  
 /   |   \|   |/   |   \     |    |/  /_\  \ 
/    |    \   /    |    \/\__|    /    |    \  https://www.ninjaframework.org
\____|__  /___\____|__  /\________\____|__  /  @ninjaframework
     web\/framework   \/                  \/   6.8.1

23:50:51.240 [NinjaJetty] INFO  ninja.lifecycle.LifecycleServiceImpl - Starting Ninja application...
23:50:51.246 [NinjaJetty] INFO  ninja.scheduler.Scheduler - Scheduling method sendHeartBeat on service.HeartBeatService@4b511e61 to be run every 2 SECONDS after 0 SECONDS
23:50:51.255 [NinjaJetty] INFO  ninja.lifecycle.LifecycleServiceImpl - Ninja application started in 15ms
23:50:51.260 [pool-1-thread-1] INFO  Pygmy - Sending heartbeat message to frontend
23:50:51.265 [NinjaJetty] INFO  o.e.j.server.handler.ContextHandler - Started o.e.j.s.ServletContextHandler@633a11eb{/,null,AVAILABLE}
23:50:51.318 [NinjaJetty] INFO  o.e.jetty.server.AbstractConnector - Started ServerConnector@53fe15ff{HTTP/1.1, (http/1.1)}{0.0.0.0:8083}
23:50:51.319 [NinjaJetty] INFO  org.eclipse.jetty.server.Server - Started @1221ms
23:50:51.320 [NinjaJetty] INFO  ninja.standalone.NinjaJetty - Started jetty v9.4.35.v20201120 on <all>:8083
23:50:51.321 [NinjaJetty] INFO  ninja.standalone.NinjaJetty - -------------------------------------------------------
23:50:51.322 [NinjaJetty] INFO  ninja.standalone.NinjaJetty - Ninja application running at
23:50:51.323 [NinjaJetty] INFO  ninja.standalone.NinjaJetty -  => http://localhost:8083
23:50:51.324 [NinjaJetty] INFO  ninja.standalone.NinjaJetty - -------------------------------------------------------
23:50:53.574 [pool-1-thread-1] INFO  Pygmy - Sending heartbeat message to frontend
23:50:55.606 [pool-1-thread-1] INFO  Pygmy - Sending heartbeat message to frontend
23:50:57.637 [pool-1-thread-1] INFO  Pygmy - Sending heartbeat message to frontend
23:50:59.673 [pool-1-thread-1] INFO  Pygmy - Sending heartbeat message to frontend
23:51:01.709 [pool-1-thread-1] INFO  Pygmy - Sending heartbeat message to frontend
23:51:03.739 [pool-1-thread-1] INFO  Pygmy - Sending heartbeat message to frontend
23:51:05.772 [pool-1-thread-1] INFO  Pygmy - Sending heartbeat message to frontend
23:51:07.795 [pool-1-thread-1] INFO  Pygmy - Sending heartbeat message to frontend
23:51:09.829 [pool-1-thread-1] INFO  Pygmy - Sending heartbeat message to frontend
23:51:11.688 [qtp1632413663-17] INFO  Pygmy - Re-Syncing DB request received
23:51:11.688 [qtp1632413663-13] INFO  Pygmy - Re-Syncing DB request received
23:51:11.761 [qtp1632413663-17] INFO  Pygmy - testorg.sqlite.jdbc4.JDBC4Connection@15c25ce
23:51:11.761 [qtp1632413663-13] INFO  Pygmy - testorg.sqlite.jdbc4.JDBC4Connection@15c25ce
23:51:11.866 [pool-1-thread-1] INFO  Pygmy - Sending heartbeat message to frontend
23:51:13.881 [pool-1-thread-1] INFO  Pygmy - Sending heartbeat message to frontend
23:51:14.447 [qtp1632413663-12] INFO  Pygmy - Syncing DB
23:51:14.450 [qtp1632413663-12] INFO  Pygmy - Sending request for re-syncing DB across replica
23:51:14.457 [qtp1632413663-11] INFO  Pygmy - Syncing DB
23:51:14.459 [qtp1632413663-11] INFO  Pygmy - Sending request for re-syncing DB across replica
23:51:14.462 [qtp1632413663-12] INFO  Pygmy - Updating DB for re-sync operation
23:51:14.466 [qtp1632413663-11] INFO  Pygmy - Updating DB for re-sync operation
23:51:14.502 [qtp1632413663-12] INFO  Pygmy - Current inventory in library: {1=Book{bookNumber=1, bookName='How to get a good grade in 677 in 20 minutes a day', topic='distributed systems', cost=25, count=0}, 2=Book{bookNumber=2, bookName='RPCs for Dummies', topic='distributed systems', cost=50, count=4}, 3=Book{bookNumber=3, bookName='Xen and the Art of Surviving Graduate School', topic='graduate school', cost=40, count=0}, 4=Book{bookNumber=4, bookName='Cooking for the Impatient Graduate Student', topic='graduate school', cost=60, count=4}, 5=Book{bookNumber=5, bookName='How to finish Project 3 on time', topic='distributed systems', cost=100, count=5}, 6=Book{bookNumber=6, bookName='Why theory classes are so hard', topic='graduate school', cost=70, count=5}, 7=Book{bookNumber=7, bookName='Spring in the Pioneer Valley', topic='graduate school', cost=30, count=5}}
23:51:14.503 [qtp1632413663-11] INFO  Pygmy - Current inventory in library: {1=Book{bookNumber=1, bookName='How to get a good grade in 677 in 20 minutes a day', topic='distributed systems', cost=25, count=0}, 2=Book{bookNumber=2, bookName='RPCs for Dummies', topic='distributed systems', cost=50, count=4}, 3=Book{bookNumber=3, bookName='Xen and the Art of Surviving Graduate School', topic='graduate school', cost=40, count=0}, 4=Book{bookNumber=4, bookName='Cooking for the Impatient Graduate Student', topic='graduate school', cost=60, count=4}, 5=Book{bookNumber=5, bookName='How to finish Project 3 on time', topic='distributed systems', cost=100, count=5}, 6=Book{bookNumber=6, bookName='Why theory classes are so hard', topic='graduate school', cost=70, count=5}, 7=Book{bookNumber=7, bookName='Spring in the Pioneer Valley', topic='graduate school', cost=30, count=5}}
23:51:14.505 [qtp1632413663-12] INFO  Pygmy - Updating inventory of item 2
23:51:14.505 [qtp1632413663-11] INFO  Pygmy - Updating inventory of item 4
23:51:15.619 [qtp1632413663-13] INFO  Pygmy - Query by Item request received for item: 2
23:51:15.623 [qtp1632413663-13] INFO  Pygmy - Query by Item response time in milliseconds : 0
23:51:15.619 [qtp1632413663-18] INFO  Pygmy - Query by Item request received for item: 1
23:51:15.625 [qtp1632413663-18] INFO  Pygmy - Query by Item response time in milliseconds : 0
23:51:15.912 [pool-1-thread-1] INFO  Pygmy - Sending heartbeat message to frontend
23:51:16.674 [qtp1632413663-15] INFO  Pygmy - Query by Subject request received for topic: graduate school
23:51:16.676 [qtp1632413663-15] INFO  Pygmy - Query by Subject response time in milliseconds : 0
23:51:17.948 [pool-1-thread-1] INFO  Pygmy - Sending heartbeat message to frontend
23:51:19.856 [qtp1632413663-16] INFO  Pygmy - Syncing DB
23:51:19.857 [qtp1632413663-16] INFO  Pygmy - Restocking book - 1
23:51:19.978 [pool-1-thread-1] INFO  Pygmy - Sending heartbeat message to frontend
23:52:19.977 [main] INFO  ninja.utils.NinjaModeHelper - Ninja is running in mode dev
23:52:20.034 [NinjaJetty] INFO  org.eclipse.jetty.util.log - Logging initialized @241ms to org.eclipse.jetty.util.log.Slf4jLog
23:52:20.061 [NinjaJetty] WARN  o.e.j.server.handler.ContextHandler - Empty contextPath
23:52:20.104 [NinjaJetty] INFO  ninja.standalone.NinjaJetty - Trying to start jetty v9.4.35.v20201120 on <all>:8083
23:52:20.105 [NinjaJetty] INFO  org.eclipse.jetty.server.Server - jetty-9.4.35.v20201120; built: 2020-11-20T21:17:03.964Z; git: bdc54f03a5e0a7e280fab27f55c3c75ee8da89fb; jvm 11.0.10+9
23:52:20.124 [NinjaJetty] INFO  ninja.servlet.NinjaServletListener - Using JSR-356 websocket container ServerContainer@3899782c{STARTED}
23:52:20.132 [NinjaJetty] INFO  ninja.Bootstrap - Successfully configured Logback.
23:52:20.134 [NinjaJetty] INFO  ninja.Bootstrap - Enabling Ninja classic configuration
23:52:20.441 [NinjaJetty] INFO  ninja.utils.SwissKnife - Could not load file conf/messages_en.properties (not a bad thing necessarily, but I am returing null)
23:52:20.442 [NinjaJetty] INFO  ninja.i18n.MessagesImpl - Did not find conf/messages_en.properties but it was specified in application.conf. Using default language instead.
23:52:20.466 [NinjaJetty] INFO  n.template.TemplateEngineManagerImpl - -------------------------------------------------------------------
23:52:20.467 [NinjaJetty] INFO  n.template.TemplateEngineManagerImpl - Registered response template engines
23:52:20.468 [NinjaJetty] INFO  n.template.TemplateEngineManagerImpl - -------------------------------------------------------------------
23:52:20.468 [NinjaJetty] INFO  n.template.TemplateEngineManagerImpl - application/javascript  =>  ninja.template.TemplateEngineJsonP
23:52:20.469 [NinjaJetty] INFO  n.template.TemplateEngineManagerImpl - application/json        =>  ninja.template.TemplateEngineJson
23:52:20.469 [NinjaJetty] INFO  n.template.TemplateEngineManagerImpl - application/xml         =>  ninja.template.TemplateEngineXml
23:52:20.470 [NinjaJetty] INFO  n.template.TemplateEngineManagerImpl - text/html               =>  ninja.template.TemplateEngineFreemarker
23:52:20.470 [NinjaJetty] INFO  n.template.TemplateEngineManagerImpl - text/plain              =>  ninja.template.TemplateEngineText
23:52:20.476 [NinjaJetty] INFO  n.b.BodyParserEngineManagerImpl - -------------------------------------------------------------------------------------
23:52:20.477 [NinjaJetty] INFO  n.b.BodyParserEngineManagerImpl - Registered request bodyparser engines
23:52:20.478 [NinjaJetty] INFO  n.b.BodyParserEngineManagerImpl - -------------------------------------------------------------------------------------
23:52:20.478 [NinjaJetty] INFO  n.b.BodyParserEngineManagerImpl - application/json                   =>  ninja.bodyparser.BodyParserEngineJson
23:52:20.479 [NinjaJetty] INFO  n.b.BodyParserEngineManagerImpl - application/x-www-form-urlencoded  =>  ninja.bodyparser.BodyParserEnginePost
23:52:20.480 [NinjaJetty] INFO  n.b.BodyParserEngineManagerImpl - application/xml                    =>  ninja.bodyparser.BodyParserEngineXml
23:52:20.480 [NinjaJetty] INFO  n.b.BodyParserEngineManagerImpl - multipart/form-data                =>  ninja.bodyparser.BodyParserEngineMultipartPost
23:52:20.481 [NinjaJetty] INFO  ninja.Bootstrap - Ninja injector started in 345 ms.
23:52:20.490 [NinjaJetty] WARN  ninja.params.ControllerMethodInvoker - Using deprecated non-strict mode for injection of parameters into controller (ninja.strict_argument_extractors = false). This mode will soon be removed from Ninja. Make sure you upgrade your application as soon as possible. More: https://www.ninjaframework.org/documentation/basic_concepts/controllers.html 'A note about null and Optional'.
23:52:20.498 [NinjaJetty] INFO  ninja.RouterImpl - ---------------------------------------------------------------------
23:52:20.499 [NinjaJetty] INFO  ninja.RouterImpl - Registered routes
23:52:20.500 [NinjaJetty] INFO  ninja.RouterImpl - ---------------------------------------------------------------------
23:52:20.500 [NinjaJetty] INFO  ninja.RouterImpl - GET  /queryBySubject/{topic}       =>  controllers.ApplicationController::queryBySubject
23:52:20.501 [NinjaJetty] INFO  ninja.RouterImpl - GET  /queryByItem/{id}             =>  controllers.ApplicationController::queryByItem
23:52:20.502 [NinjaJetty] INFO  ninja.RouterImpl - POST /updateInventory/{id}/{type}  =>  controllers.ApplicationController::update
23:52:20.503 [NinjaJetty] INFO  ninja.RouterImpl - POST /updateCost/{id}/{cost}       =>  controllers.ApplicationController::updateCost
23:52:20.504 [NinjaJetty] INFO  ninja.RouterImpl - POST /syncDb/{id}/{key}            =>  controllers.ApplicationController::syncDB
23:52:20.505 [NinjaJetty] INFO  ninja.RouterImpl - GET  /resyncDB                     =>  controllers.ApplicationController::resyncDB
23:52:20.506 [NinjaJetty] INFO  ninja.NinjaDefault - 
 _______  .___ _______        ____.  _____   
 \      \ |   |\      \      |    | /  _  \  
 /   |   \|   |/   |   \     |    |/  /_\  \ 
/    |    \   /    |    \/\__|    /    |    \  https://www.ninjaframework.org
\____|__  /___\____|__  /\________\____|__  /  @ninjaframework
     web\/framework   \/                  \/   6.8.1

23:52:20.507 [NinjaJetty] INFO  ninja.lifecycle.LifecycleServiceImpl - Starting Ninja application...
23:52:20.509 [NinjaJetty] INFO  ninja.scheduler.Scheduler - Scheduling method sendHeartBeat on service.HeartBeatService@4b511e61 to be run every 2 SECONDS after 0 SECONDS
23:52:20.510 [NinjaJetty] INFO  ninja.lifecycle.LifecycleServiceImpl - Ninja application started in 3ms
23:52:20.510 [pool-1-thread-1] INFO  Pygmy - Sending heartbeat message to frontend
23:52:20.517 [NinjaJetty] INFO  o.e.j.server.handler.ContextHandler - Started o.e.j.s.ServletContextHandler@633a11eb{/,null,AVAILABLE}
23:52:20.532 [NinjaJetty] INFO  o.e.jetty.server.AbstractConnector - Started ServerConnector@53fe15ff{HTTP/1.1, (http/1.1)}{0.0.0.0:8083}
23:52:20.533 [NinjaJetty] INFO  org.eclipse.jetty.server.Server - Started @740ms
23:52:20.534 [NinjaJetty] INFO  ninja.standalone.NinjaJetty - Started jetty v9.4.35.v20201120 on <all>:8083
23:52:20.534 [NinjaJetty] INFO  ninja.standalone.NinjaJetty - -------------------------------------------------------
23:52:20.536 [NinjaJetty] INFO  ninja.standalone.NinjaJetty - Ninja application running at
23:52:20.539 [NinjaJetty] INFO  ninja.standalone.NinjaJetty -  => http://localhost:8083
23:52:20.540 [NinjaJetty] INFO  ninja.standalone.NinjaJetty - -------------------------------------------------------
23:52:20.981 [qtp1632413663-17] INFO  Pygmy - Syncing DB
23:52:20.984 [qtp1632413663-17] INFO  Pygmy - Sending request for re-syncing DB across replica
23:52:20.996 [qtp1632413663-17] INFO  Pygmy - Updating DB for re-sync operation
23:52:21.049 [qtp1632413663-17] INFO  Pygmy - testorg.sqlite.jdbc4.JDBC4Connection@4e008c7c
23:52:21.103 [qtp1632413663-17] INFO  Pygmy - Current inventory in library: {1=Book{bookNumber=1, bookName='How to get a good grade in 677 in 20 minutes a day', topic='distributed systems', cost=25, count=1}, 2=Book{bookNumber=2, bookName='RPCs for Dummies', topic='distributed systems', cost=50, count=5}, 3=Book{bookNumber=3, bookName='Xen and the Art of Surviving Graduate School', topic='graduate school', cost=40, count=5}, 4=Book{bookNumber=4, bookName='Cooking for the Impatient Graduate Student', topic='graduate school', cost=60, count=0}, 5=Book{bookNumber=5, bookName='How to finish Project 3 on time', topic='distributed systems', cost=100, count=5}, 6=Book{bookNumber=6, bookName='Why theory classes are so hard', topic='graduate school', cost=70, count=5}, 7=Book{bookNumber=7, bookName='Spring in the Pioneer Valley', topic='graduate school', cost=30, count=5}}
23:52:21.105 [qtp1632413663-17] INFO  Pygmy - Updating inventory of item 1
23:52:22.712 [pool-1-thread-1] INFO  Pygmy - Sending heartbeat message to frontend
23:52:23.264 [qtp1632413663-11] INFO  Pygmy - Syncing DB
23:52:24.282 [qtp1632413663-18] INFO  Pygmy - Query by Item request received for item: 1
23:52:24.288 [qtp1632413663-18] INFO  Pygmy - Query by Item response time in milliseconds : 0
23:52:24.300 [qtp1632413663-15] INFO  Pygmy - Query by Item request received for item: 3
23:52:24.302 [qtp1632413663-15] INFO  Pygmy - Query by Item response time in milliseconds : 0
23:52:24.732 [pool-1-thread-1] INFO  Pygmy - Sending heartbeat message to frontend
23:52:25.358 [qtp1632413663-14] INFO  Pygmy - Query by Item request received for item: 4
23:52:25.362 [qtp1632413663-14] INFO  Pygmy - Query by Item response time in milliseconds : 0
23:52:25.410 [qtp1632413663-17] INFO  Pygmy - Syncing DB
23:52:25.411 [qtp1632413663-17] INFO  Pygmy - Restocking book - 1
23:52:26.760 [pool-1-thread-1] INFO  Pygmy - Sending heartbeat message to frontend
23:52:28.769 [pool-1-thread-1] INFO  Pygmy - Sending heartbeat message to frontend
23:52:30.793 [pool-1-thread-1] INFO  Pygmy - Sending heartbeat message to frontend
23:52:32.809 [pool-1-thread-1] INFO  Pygmy - Sending heartbeat message to frontend
23:52:34.827 [pool-1-thread-1] INFO  Pygmy - Sending heartbeat message to frontend
23:52:36.850 [pool-1-thread-1] INFO  Pygmy - Sending heartbeat message to frontend
23:52:36.856 [pool-1-thread-1] INFO  Pygmy - Connection refused
23:52:38.858 [pool-1-thread-1] INFO  Pygmy - Sending heartbeat message to frontend
