

[BUY] Buy Request for book: 2
[BUY] Response time in milliseconds : 1011
[BUY] Response: {"bookNumber":2,"message":"Successfully bought book - RPCs for Dummies"}


[BUY] Buy Request for book: 3
[BUY] Response time in milliseconds : 35
[BUY] Response: {"bookNumber":3,"message":"Insufficient quantity of book - Xen and the Art of Surviving Graduate School"}


[LOOKUP] Requesting details of book: 4
[LOOKUP] Response time in milliseconds : 25
[LOOKUP] Response: {"bookNumber":4,"bookName":"Cooking for the Impatient Graduate Student","topic":"graduate school","cost":60,"count":0}


[LOOKUP] Requesting details of book: 3
[LOOKUP] Response time in milliseconds : 18
[LOOKUP] Response: {"bookNumber":3,"bookName":"Xen and the Art of Surviving Graduate School","topic":"graduate school","cost":40,"count":5}


[SEARCH] Requesting topic details: graduate school
[SEARCH] Response time in milliseconds : 26
[SEARCH] Response: [{"bookNumber":3,"bookName":"Xen and the Art of Surviving Graduate School","topic":"graduate school","cost":40,"count":5},{"bookNumber":4,"bookName":"Cooking for the Impatient Graduate Student","topic":"graduate school","cost":60,"count":5}]


[LOOKUP] Requesting details of book: 3
[LOOKUP] Response time in milliseconds : 16
[LOOKUP] Response: {"bookNumber":3,"bookName":"Xen and the Art of Surviving Graduate School","topic":"graduate school","cost":40,"count":4}


[SEARCH] Requesting topic details: graduate school
[SEARCH] Response time in milliseconds : 55
[SEARCH] Response: [{"bookNumber":3,"bookName":"Xen and the Art of Surviving Graduate School","topic":"graduate school","cost":40,"count":4},{"bookNumber":4,"bookName":"Cooking for the Impatient Graduate Student","topic":"graduate school","cost":60,"count":4}]


[LOOKUP] Requesting details of book: 1
[LOOKUP] Response time in milliseconds : 23
[LOOKUP] Response: {"bookNumber":1,"bookName":"How to get a good grade in 677 in 20 minutes a day","topic":"distributed systems","cost":25,"count":3}


[SEARCH] Requesting topic details: distributed systems
[SEARCH] Response time in milliseconds : 23
[SEARCH] Response: [{"bookNumber":1,"bookName":"How to get a good grade in 677 in 20 minutes a day","topic":"distributed systems","cost":25,"count":3},{"bookNumber":2,"bookName":"RPCs for Dummies","topic":"distributed systems","cost":50,"count":3}]


[SEARCH] Requesting topic details: distributed systems
[SEARCH] Response time in milliseconds : 29
[SEARCH] Response: [{"bookNumber":1,"bookName":"How to get a good grade in 677 in 20 minutes a day","topic":"distributed systems","cost":25,"count":3},{"bookNumber":2,"bookName":"RPCs for Dummies","topic":"distributed systems","cost":50,"count":3}]


[BUY] Buy Request for book: 2
[BUY] Response time in milliseconds : 35
[BUY] Response: {"bookNumber":2,"message":"Successfully bought book - RPCs for Dummies"}


[LOOKUP] Requesting details of book: 2
[LOOKUP] Response time in milliseconds : 21
[LOOKUP] Response: {"bookNumber":2,"bookName":"RPCs for Dummies","topic":"distributed systems","cost":50,"count":1}


[LOOKUP] Requesting details of book: 1
[LOOKUP] Response time in milliseconds : 25
[LOOKUP] Response: {"bookNumber":1,"bookName":"How to get a good grade in 677 in 20 minutes a day","topic":"distributed systems","cost":25,"count":3}


[BUY] Buy Request for book: 2
[BUY] Response time in milliseconds : 29
[BUY] Response: {"bookNumber":2,"message":"Successfully bought book - RPCs for Dummies"}


[LOOKUP] Requesting details of book: 1
[LOOKUP] Response time in milliseconds : 16
[LOOKUP] Response: {"bookNumber":1,"bookName":"How to get a good grade in 677 in 20 minutes a day","topic":"distributed systems","cost":25,"count":2}


[LOOKUP] Requesting details of book: 4
[LOOKUP] Response time in milliseconds : 13
[LOOKUP] Response: {"bookNumber":4,"bookName":"Cooking for the Impatient Graduate Student","topic":"graduate school","cost":60,"count":3}


[LOOKUP] Requesting details of book: 3
[LOOKUP] Response time in milliseconds : 23
[LOOKUP] Response: {"bookNumber":3,"bookName":"Xen and the Art of Surviving Graduate School","topic":"graduate school","cost":40,"count":4}


[SEARCH] Requesting topic details: distributed systems
[SEARCH] Response time in milliseconds : 24
[SEARCH] Response: [{"bookNumber":1,"bookName":"How to get a good grade in 677 in 20 minutes a day","topic":"distributed systems","cost":25,"count":1},{"bookNumber":2,"bookName":"RPCs for Dummies","topic":"distributed systems","cost":50,"count":5}]


[SEARCH] Requesting topic details: graduate school
[SEARCH] Response time in milliseconds : 32
[SEARCH] Response: [{"bookNumber":3,"bookName":"Xen and the Art of Surviving Graduate School","topic":"graduate school","cost":40,"count":4},{"bookNumber":4,"bookName":"Cooking for the Impatient Graduate Student","topic":"graduate school","cost":60,"count":2}]


[BUY] Buy Request for book: 1
[BUY] Response time in milliseconds : 36
[BUY] Response: {"bookNumber":1,"message":"Successfully bought book - How to get a good grade in 677 in 20 minutes a day"}


[BUY] Buy Request for book: 1
[BUY] Response time in milliseconds : 36
[BUY] Response: {"bookNumber":1,"message":"Insufficient quantity of book - How to get a good grade in 677 in 20 minutes a day"}


[BUY] Buy Request for book: 3
[BUY] Response time in milliseconds : 24
[BUY] Response: {"bookNumber":3,"message":"Successfully bought book - Xen and the Art of Surviving Graduate School"}


[LOOKUP] Requesting details of book: 4
[LOOKUP] Response time in milliseconds : 18
[LOOKUP] Response: {"bookNumber":4,"bookName":"Cooking for the Impatient Graduate Student","topic":"graduate school","cost":60,"count":1}


[BUY] Buy Request for book: 4
[BUY] Response time in milliseconds : 28
[BUY] Response: {"bookNumber":4,"message":"Successfully bought book - Cooking for the Impatient Graduate Student"}


[LOOKUP] Requesting details of book: 4
[LOOKUP] Response time in milliseconds : 19
[LOOKUP] Response: {"bookNumber":4,"bookName":"Cooking for the Impatient Graduate Student","topic":"graduate school","cost":60,"count":0}


[BUY] Buy Request for book: 2
[BUY] Response time in milliseconds : 35
[BUY] Response: {"bookNumber":2,"message":"Successfully bought book - RPCs for Dummies"}


[LOOKUP] Requesting details of book: 3
[LOOKUP] Response time in milliseconds : 34
[LOOKUP] Response: {"bookNumber":3,"bookName":"Xen and the Art of Surviving Graduate School","topic":"graduate school","cost":40,"count":1}


[LOOKUP] Requesting details of book: 3
[LOOKUP] Response time in milliseconds : 24
[LOOKUP] Response: {"bookNumber":3,"bookName":"Xen and the Art of Surviving Graduate School","topic":"graduate school","cost":40,"count":1}
